# Time	Temperature [K]	Pressure [Pa]
1e-07	800	5.06625e+06
2.9996e-07	800	5.06625e+06
7.0004e-07	800	5.06625e+06
1.5002e-06	800	5.06625e+06
3.09796e-06	800	5.06625e+06
6.28323e-06	800	5.06625e+06
1.26129e-05	800	5.06625e+06
2.25596e-05	800	5.06625e+06
3.25063e-05	800	5.06625e+06
4.2453e-05	800	5.06625e+06
5.23996e-05	800	5.06625e+06
6.23463e-05	800	5.06625e+06
7.2293e-05	800	5.06625e+06
8.22397e-05	800	5.06625e+06
9.21863e-05	800	5.06625e+06
0.000102133	800	5.06625e+06
0.00011208	800	5.06625e+06
0.000122026	800	5.06625e+06
0.000131973	800	5.06625e+06
0.00014192	800	5.06625e+06
0.000151866	800	5.06625e+06
0.000161813	800	5.06625e+06
0.00017176	800	5.06625e+06
0.000181706	800	5.06625e+06
0.000191653	800	5.06625e+06
0.0002016	800	5.06625e+06
0.000211546	800	5.06625e+06
0.000221493	800	5.06625e+06
0.00023144	800	5.06625e+06
0.000241386	800	5.06625e+06
0.000251333	800	5.06625e+06
0.00026128	800	5.06625e+06
0.000271226	800	5.06625e+06
0.000281173	800	5.06625e+06
0.00029112	800	5.06625e+06
0.000301067	800	5.06625e+06
0.000311013	800	5.06625e+06
0.00032096	800	5.06625e+06
0.000330907	800	5.06625e+06
0.000340853	800	5.06625e+06
0.0003508	800	5.06625e+06
0.000360747	800	5.06625e+06
0.000370693	800	5.06625e+06
0.00038064	800	5.06625e+06
0.000390587	800	5.06625e+06
0.000400533	800	5.06625e+06
0.00041048	800	5.06625e+06
0.000420427	800	5.06625e+06
0.000430373	800.001	5.06625e+06
0.00044032	800.001	5.06625e+06
0.000450267	800.001	5.06625e+06
0.000460213	800.001	5.06625e+06
0.00047016	800.001	5.06625e+06
0.000480107	800.001	5.06625e+06
0.000490053	800.001	5.06625e+06
0.0005	800.001	5.06625e+06
0.00051	800.001	5.06625e+06
0.00052	800.001	5.06625e+06
0.00053	800.001	5.06625e+06
0.00054	800.001	5.06625e+06
0.00055	800.001	5.06625e+06
0.00056	800.001	5.06625e+06
0.00057	800.001	5.06625e+06
0.00058	800.001	5.06625e+06
0.00059	800.001	5.06625e+06
0.0006	800.002	5.06625e+06
0.00061	800.002	5.06625e+06
0.00062	800.002	5.06625e+06
0.00063	800.002	5.06625e+06
0.00064	800.002	5.06625e+06
0.00065	800.002	5.06625e+06
0.00066	800.002	5.06625e+06
0.00067	800.002	5.06625e+06
0.00068	800.003	5.06625e+06
0.00069	800.003	5.06625e+06
0.0007	800.003	5.06625e+06
0.00071	800.003	5.06625e+06
0.00072	800.003	5.06625e+06
0.00073	800.004	5.06625e+06
0.00074	800.004	5.06625e+06
0.00075	800.004	5.06625e+06
0.00076	800.004	5.06625e+06
0.00077	800.004	5.06625e+06
0.00078	800.005	5.06625e+06
0.00079	800.005	5.06625e+06
0.0008	800.005	5.06625e+06
0.00081	800.006	5.06625e+06
0.00082	800.006	5.06625e+06
0.00083	800.006	5.06625e+06
0.00084	800.007	5.06625e+06
0.00085	800.007	5.06625e+06
0.00086	800.008	5.06625e+06
0.00087	800.008	5.06625e+06
0.00088	800.009	5.06625e+06
0.00089	800.009	5.06625e+06
0.0009	800.01	5.06625e+06
0.00091	800.01	5.06625e+06
0.00092	800.011	5.06625e+06
0.00093	800.012	5.06625e+06
0.00094	800.012	5.06625e+06
0.00095	800.013	5.06625e+06
0.00096	800.014	5.06625e+06
0.00097	800.015	5.06625e+06
0.00098	800.015	5.06625e+06
0.00099	800.016	5.06625e+06
0.001	800.017	5.06625e+06
0.00101	800.018	5.06625e+06
0.00102	800.019	5.06625e+06
0.00103	800.021	5.06625e+06
0.00104	800.022	5.06625e+06
0.00105	800.023	5.06625e+06
0.00106	800.025	5.06625e+06
0.00107	800.026	5.06625e+06
0.00108	800.028	5.06625e+06
0.00109	800.029	5.06625e+06
0.0011	800.031	5.06625e+06
0.00111	800.033	5.06625e+06
0.00112	800.035	5.06625e+06
0.00113	800.037	5.06625e+06
0.00114	800.039	5.06625e+06
0.00115	800.041	5.06625e+06
0.00116	800.044	5.06625e+06
0.00117	800.046	5.06625e+06
0.00118	800.049	5.06625e+06
0.00119	800.052	5.06625e+06
0.0012	800.055	5.06625e+06
0.00121	800.058	5.06625e+06
0.00122	800.062	5.06625e+06
0.00123	800.066	5.06625e+06
0.00124	800.069	5.06625e+06
0.00125	800.074	5.06625e+06
0.00126	800.078	5.06625e+06
0.00127	800.082	5.06625e+06
0.00128	800.087	5.06625e+06
0.00129	800.092	5.06625e+06
0.0013	800.098	5.06625e+06
0.00131	800.103	5.06625e+06
0.00132	800.109	5.06625e+06
0.00133	800.116	5.06625e+06
0.00134	800.123	5.06625e+06
0.00135	800.13	5.06625e+06
0.00136	800.137	5.06625e+06
0.00137	800.145	5.06625e+06
0.00138	800.154	5.06625e+06
0.00139	800.162	5.06625e+06
0.0014	800.172	5.06625e+06
0.00141	800.182	5.06625e+06
0.00142	800.192	5.06625e+06
0.00143	800.203	5.06625e+06
0.00144	800.214	5.06625e+06
0.00145	800.227	5.06625e+06
0.00146	800.239	5.06625e+06
0.00147	800.253	5.06625e+06
0.00148	800.267	5.06625e+06
0.00149	800.282	5.06625e+06
0.0015	800.298	5.06625e+06
0.00151	800.315	5.06625e+06
0.00152	800.332	5.06625e+06
0.00153	800.351	5.06625e+06
0.00154	800.37	5.06625e+06
0.00155	800.391	5.06625e+06
0.00156	800.412	5.06625e+06
0.00157	800.435	5.06625e+06
0.00158	800.459	5.06625e+06
0.00159	800.484	5.06625e+06
0.0016	800.51	5.06625e+06
0.00161	800.538	5.06625e+06
0.00162	800.567	5.06625e+06
0.00163	800.597	5.06625e+06
0.00164	800.63	5.06625e+06
0.00165	800.663	5.06625e+06
0.00166	800.699	5.06625e+06
0.00167	800.736	5.06625e+06
0.00168	800.775	5.06625e+06
0.00169	800.816	5.06625e+06
0.0017	800.86	5.06625e+06
0.00171	800.905	5.06625e+06
0.00172	800.952	5.06625e+06
0.00173	801.002	5.06625e+06
0.00174	801.055	5.06625e+06
0.00175	801.11	5.06625e+06
0.00176	801.167	5.06625e+06
0.00177	801.228	5.06625e+06
0.00178	801.291	5.06625e+06
0.00179	801.358	5.06625e+06
0.0018	801.427	5.06625e+06
0.00181	801.5	5.06625e+06
0.00182	801.577	5.06625e+06
0.00183	801.657	5.06625e+06
0.00184	801.741	5.06625e+06
0.00185	801.829	5.06625e+06
0.00186	801.921	5.06625e+06
0.00187	802.018	5.06625e+06
0.00188	802.119	5.06625e+06
0.00189	802.224	5.06625e+06
0.0019	802.335	5.06625e+06
0.00191	802.451	5.06625e+06
0.00192	802.572	5.06625e+06
0.00193	802.698	5.06625e+06
0.00194	802.83	5.06625e+06
0.00195	802.968	5.06625e+06
0.00196	803.113	5.06625e+06
0.00197	803.263	5.06625e+06
0.00198	803.42	5.06625e+06
0.00199	803.584	5.06625e+06
0.002	803.755	5.06625e+06
0.00201	803.934	5.06625e+06
0.00202	804.12	5.06625e+06
0.00203	804.313	5.06625e+06
0.00204	804.515	5.06625e+06
0.00205	804.724	5.06625e+06
0.00206	804.942	5.06625e+06
0.00207	805.169	5.06625e+06
0.00208	805.405	5.06625e+06
0.00209	805.65	5.06625e+06
0.0021	805.903	5.06625e+06
0.00211	806.167	5.06625e+06
0.00212	806.44	5.06625e+06
0.00213	806.723	5.06625e+06
0.00214	807.015	5.06625e+06
0.00215	807.318	5.06625e+06
0.00216	807.631	5.06625e+06
0.00217	807.954	5.06625e+06
0.00218	808.288	5.06625e+06
0.00219	808.632	5.06625e+06
0.0022	808.987	5.06625e+06
0.00221	809.352	5.06625e+06
0.00222	809.728	5.06625e+06
0.00223	810.114	5.06625e+06
0.00224	810.511	5.06625e+06
0.00225	810.918	5.06625e+06
0.00226	811.336	5.06625e+06
0.00227	811.764	5.06625e+06
0.00228	812.202	5.06625e+06
0.00229	812.65	5.06625e+06
0.0023	813.108	5.06625e+06
0.00231	813.576	5.06625e+06
0.00232	814.053	5.06625e+06
0.00233	814.54	5.06625e+06
0.00234	815.035	5.06625e+06
0.00235	815.539	5.06625e+06
0.00236	816.052	5.06625e+06
0.00237	816.572	5.06625e+06
0.00238	817.101	5.06625e+06
0.00239	817.638	5.06625e+06
0.0024	818.181	5.06625e+06
0.00241	818.732	5.06625e+06
0.00242	819.29	5.06625e+06
0.00243	819.854	5.06625e+06
0.00244	820.424	5.06625e+06
0.00245	821	5.06625e+06
0.00246	821.582	5.06625e+06
0.00247	822.169	5.06625e+06
0.00248	822.762	5.06625e+06
0.00249	823.359	5.06625e+06
0.0025	823.96	5.06625e+06
0.00251	824.566	5.06625e+06
0.00252	825.176	5.06625e+06
0.00253	825.79	5.06625e+06
0.00254	826.407	5.06625e+06
0.00255	827.028	5.06625e+06
0.00256	827.652	5.06625e+06
0.00257	828.279	5.06625e+06
0.00258	828.908	5.06625e+06
0.00259	829.54	5.06625e+06
0.0026	830.174	5.06625e+06
0.00261	830.81	5.06625e+06
0.00262	831.449	5.06625e+06
0.00263	832.088	5.06625e+06
0.00264	832.729	5.06625e+06
0.00265	833.372	5.06625e+06
0.00266	834.015	5.06625e+06
0.00267	834.659	5.06625e+06
0.00268	835.303	5.06625e+06
0.00269	835.948	5.06625e+06
0.0027	836.593	5.06625e+06
0.00271	837.237	5.06625e+06
0.00272	837.881	5.06625e+06
0.00273	838.525	5.06625e+06
0.00274	839.167	5.06625e+06
0.00275	839.808	5.06625e+06
0.00276	840.448	5.06625e+06
0.00277	841.086	5.06625e+06
0.00278	841.722	5.06625e+06
0.00279	842.356	5.06625e+06
0.0028	842.987	5.06625e+06
0.00281	843.615	5.06625e+06
0.00282	844.241	5.06625e+06
0.00283	844.863	5.06625e+06
0.00284	845.481	5.06625e+06
0.00285	846.096	5.06625e+06
0.00286	846.707	5.06625e+06
0.00287	847.313	5.06625e+06
0.00288	847.915	5.06625e+06
0.00289	848.512	5.06625e+06
0.0029	849.103	5.06625e+06
0.00291	849.69	5.06625e+06
0.00292	850.271	5.06625e+06
0.00293	850.847	5.06625e+06
0.00294	851.417	5.06625e+06
0.00295	851.981	5.06625e+06
0.00296	852.538	5.06625e+06
0.00297	853.089	5.06625e+06
0.00298	853.634	5.06625e+06
0.00299	854.172	5.06625e+06
0.003	854.704	5.06625e+06
0.00301	855.229	5.06625e+06
0.00302	855.746	5.06625e+06
0.00303	856.257	5.06625e+06
0.00304	856.761	5.06625e+06
0.00305	857.258	5.06625e+06
0.00306	857.747	5.06625e+06
0.00307	858.23	5.06625e+06
0.00308	858.705	5.06625e+06
0.00309	859.173	5.06625e+06
0.0031	859.634	5.06625e+06
0.00311	860.088	5.06625e+06
0.00312	860.535	5.06625e+06
0.00313	860.975	5.06625e+06
0.00314	861.408	5.06625e+06
0.00315	861.834	5.06625e+06
0.00316	862.253	5.06625e+06
0.00317	862.666	5.06625e+06
0.00318	863.072	5.06625e+06
0.00319	863.472	5.06625e+06
0.0032	863.865	5.06625e+06
0.00321	864.252	5.06625e+06
0.00322	864.634	5.06625e+06
0.00323	865.009	5.06625e+06
0.00324	865.378	5.06625e+06
0.00325	865.742	5.06625e+06
0.00326	866.1	5.06625e+06
0.00327	866.452	5.06625e+06
0.00328	866.8	5.06625e+06
0.00329	867.142	5.06625e+06
0.0033	867.48	5.06625e+06
0.00331	867.813	5.06625e+06
0.00332	868.141	5.06625e+06
0.00333	868.465	5.06625e+06
0.00334	868.784	5.06625e+06
0.00335	869.099	5.06625e+06
0.00336	869.411	5.06625e+06
0.00337	869.718	5.06625e+06
0.00338	870.022	5.06625e+06
0.00339	870.323	5.06625e+06
0.0034	870.62	5.06625e+06
0.00341	870.914	5.06625e+06
0.00342	871.204	5.06625e+06
0.00343	871.492	5.06625e+06
0.00344	871.778	5.06625e+06
0.00345	872.06	5.06625e+06
0.00346	872.34	5.06625e+06
0.00347	872.618	5.06625e+06
0.00348	872.893	5.06625e+06
0.00349	873.167	5.06625e+06
0.0035	873.438	5.06625e+06
0.00351	873.708	5.06625e+06
0.00352	873.976	5.06625e+06
0.00353	874.242	5.06625e+06
0.00354	874.507	5.06625e+06
0.00355	874.77	5.06625e+06
0.00356	875.032	5.06625e+06
0.00357	875.293	5.06625e+06
0.00358	875.553	5.06625e+06
0.00359	875.812	5.06625e+06
0.0036	876.071	5.06625e+06
0.00361	876.328	5.06625e+06
0.00362	876.585	5.06625e+06
0.00363	876.841	5.06625e+06
0.00364	877.097	5.06625e+06
0.00365	877.352	5.06625e+06
0.00366	877.607	5.06625e+06
0.00367	877.862	5.06625e+06
0.00368	878.116	5.06625e+06
0.00369	878.371	5.06625e+06
0.0037	878.625	5.06625e+06
0.00371	878.88	5.06625e+06
0.00372	879.135	5.06625e+06
0.00373	879.39	5.06625e+06
0.00374	879.645	5.06625e+06
0.00375	879.901	5.06625e+06
0.00376	880.157	5.06625e+06
0.00377	880.413	5.06625e+06
0.00378	880.671	5.06625e+06
0.00379	880.928	5.06625e+06
0.0038	881.187	5.06625e+06
0.00381	881.446	5.06625e+06
0.00382	881.705	5.06625e+06
0.00383	881.966	5.06625e+06
0.00384	882.228	5.06625e+06
0.00385	882.49	5.06625e+06
0.00386	882.754	5.06625e+06
0.00387	883.018	5.06625e+06
0.00388	883.284	5.06625e+06
0.00389	883.55	5.06625e+06
0.0039	883.818	5.06625e+06
0.00391	884.088	5.06625e+06
0.00392	884.358	5.06625e+06
0.00393	884.63	5.06625e+06
0.00394	884.903	5.06625e+06
0.00395	885.177	5.06625e+06
0.00396	885.453	5.06625e+06
0.00397	885.731	5.06625e+06
0.00398	886.01	5.06625e+06
0.00399	886.291	5.06625e+06
0.004	886.573	5.06625e+06
0.00401	886.857	5.06625e+06
0.00402	887.143	5.06625e+06
0.00403	887.43	5.06625e+06
0.00404	887.719	5.06625e+06
0.00405	888.01	5.06625e+06
0.00406	888.303	5.06625e+06
0.00407	888.598	5.06625e+06
0.00408	888.895	5.06625e+06
0.00409	889.194	5.06625e+06
0.0041	889.495	5.06625e+06
0.00411	889.799	5.06625e+06
0.00412	890.104	5.06625e+06
0.00413	890.412	5.06625e+06
0.00414	890.721	5.06625e+06
0.00415	891.033	5.06625e+06
0.00416	891.348	5.06625e+06
0.00417	891.665	5.06625e+06
0.00418	891.984	5.06625e+06
0.00419	892.306	5.06625e+06
0.0042	892.63	5.06625e+06
0.00421	892.957	5.06625e+06
0.00422	893.286	5.06625e+06
0.00423	893.619	5.06625e+06
0.00424	893.954	5.06625e+06
0.00425	894.291	5.06625e+06
0.00426	894.632	5.06625e+06
0.00427	894.975	5.06625e+06
0.00428	895.322	5.06625e+06
0.00429	895.671	5.06625e+06
0.0043	896.024	5.06625e+06
0.00431	896.38	5.06625e+06
0.00432	896.739	5.06625e+06
0.00433	897.101	5.06625e+06
0.00434	897.466	5.06625e+06
0.00435	897.835	5.06625e+06
0.00436	898.208	5.06625e+06
0.00437	898.583	5.06625e+06
0.00438	898.963	5.06625e+06
0.00439	899.346	5.06625e+06
0.0044	899.733	5.06625e+06
0.00441	900.124	5.06625e+06
0.00442	900.519	5.06625e+06
0.00443	900.917	5.06625e+06
0.00444	901.32	5.06625e+06
0.00445	901.727	5.06625e+06
0.00446	902.138	5.06625e+06
0.00447	902.554	5.06625e+06
0.00448	902.974	5.06625e+06
0.00449	903.399	5.06625e+06
0.0045	903.828	5.06625e+06
0.00451	904.262	5.06625e+06
0.00452	904.701	5.06625e+06
0.00453	905.145	5.06625e+06
0.00454	905.593	5.06625e+06
0.00455	906.048	5.06625e+06
0.00456	906.507	5.06625e+06
0.00457	906.972	5.06625e+06
0.00458	907.443	5.06625e+06
0.00459	907.919	5.06625e+06
0.0046	908.401	5.06625e+06
0.00461	908.889	5.06625e+06
0.00462	909.384	5.06625e+06
0.00463	909.884	5.06625e+06
0.00464	910.392	5.06625e+06
0.00465	910.906	5.06625e+06
0.00466	911.426	5.06625e+06
0.00467	911.954	5.06625e+06
0.00468	912.489	5.06625e+06
0.00469	913.032	5.06625e+06
0.0047	913.582	5.06625e+06
0.00471	914.14	5.06625e+06
0.00472	914.706	5.06625e+06
0.00473	915.28	5.06625e+06
0.00474	915.863	5.06625e+06
0.00475	916.455	5.06625e+06
0.00476	917.056	5.06625e+06
0.00477	917.666	5.06625e+06
0.00478	918.286	5.06625e+06
0.00479	918.916	5.06625e+06
0.0048	919.556	5.06625e+06
0.00481	920.207	5.06625e+06
0.00482	920.869	5.06625e+06
0.00483	921.542	5.06625e+06
0.00484	922.227	5.06625e+06
0.00485	922.924	5.06625e+06
0.00486	923.634	5.06625e+06
0.00487	924.357	5.06625e+06
0.00488	925.093	5.06625e+06
0.00489	925.844	5.06625e+06
0.0049	926.609	5.06625e+06
0.00491	927.389	5.06625e+06
0.00492	928.185	5.06625e+06
0.00493	928.997	5.06625e+06
0.00494	929.827	5.06625e+06
0.00495	930.674	5.06625e+06
0.00496	931.54	5.06625e+06
0.00497	932.425	5.06625e+06
0.00498	933.33	5.06625e+06
0.00499	934.256	5.06625e+06
0.005	935.205	5.06625e+06
0.00501	936.177	5.06625e+06
0.00502	937.173	5.06625e+06
0.00503	938.195	5.06625e+06
0.00504	939.243	5.06625e+06
0.00505	940.32	5.06625e+06
0.00506	941.427	5.06625e+06
0.00507	942.565	5.06625e+06
0.00508	943.736	5.06625e+06
0.00509	944.942	5.06625e+06
0.0051	946.185	5.06625e+06
0.00511	947.468	5.06625e+06
0.00512	948.793	5.06625e+06
0.00513	950.163	5.06625e+06
0.00514	951.58	5.06625e+06
0.00515	953.049	5.06625e+06
0.00516	954.572	5.06625e+06
0.00517	956.154	5.06625e+06
0.00518	957.799	5.06625e+06
0.00519	959.513	5.06625e+06
0.0052	961.301	5.06625e+06
0.00521	963.169	5.06625e+06
0.00522	965.125	5.06625e+06
0.00523	967.177	5.06625e+06
0.00524	969.334	5.06625e+06
0.00525	971.607	5.06625e+06
0.00526	974.008	5.06625e+06
0.00527	976.553	5.06625e+06
0.00528	979.259	5.06625e+06
0.00529	982.145	5.06625e+06
0.0053	985.236	5.06625e+06
0.00531	988.562	5.06625e+06
0.00532	992.158	5.06625e+06
0.00533	996.07	5.06625e+06
0.00534	1000.81	5.06625e+06
0.00535	1005.56	5.06625e+06
0.005355	1008.13	5.06625e+06
0.00536467	1013.55	5.06625e+06
0.00537433	1019.67	5.06625e+06
0.00537917	1023.04	5.06625e+06
0.00538846	1030.29	5.06625e+06
0.0053986	1039.62	5.06625e+06
0.00540367	1045.01	5.06625e+06
0.00540621	1047.92	5.06625e+06
0.00541142	1054.48	5.06625e+06
0.00542126	1069.59	5.06625e+06
0.00542618	1078.97	5.06625e+06
0.00543541	1101.97	5.06625e+06
0.00543772	1109.27	5.06625e+06
0.00543887	1113.23	5.06625e+06
0.00544113	1121.78	5.06625e+06
0.00544566	1142.73	5.06625e+06
0.00544793	1155.72	5.06625e+06
0.00544906	1163.03	5.06625e+06
0.00545127	1179.33	5.06625e+06
0.00545238	1188.58	5.06625e+06
0.00545465	1210.35	5.06625e+06
0.00545578	1222.71	5.06625e+06
0.00545811	1251.41	5.06625e+06
0.00545927	1267	5.06625e+06
0.00546153	1298.46	5.06625e+06
0.00546267	1313.81	5.06625e+06
0.00546486	1342.08	5.06625e+06
0.00546596	1355.34	5.06625e+06
0.00546823	1382.08	5.06625e+06
0.00546936	1395.47	5.06625e+06
0.00547155	1422.51	5.06625e+06
0.00547265	1436.85	5.06625e+06
0.00547493	1469.68	5.06625e+06
0.00547607	1487.85	5.06625e+06
0.00547824	1527.55	5.06625e+06
0.00547933	1550.56	5.06625e+06
0.0054814	1604.87	5.06625e+06
0.00548243	1640.64	5.06625e+06
0.00548295	1662.33	5.06625e+06
0.00548401	1722.53	5.06625e+06
0.00548455	1767.46	5.06625e+06
0.00548481	1797.86	5.06625e+06
0.00548534	1896.13	5.06625e+06
0.0054854	1914.52	5.06625e+06
0.00548553	1959.96	5.06625e+06
0.0054856	1986.67	5.06625e+06
0.00548573	2047.66	5.06625e+06
0.00548576	2063.27	5.06625e+06
0.00548583	2094.73	5.06625e+06
0.00548586	2110.17	5.06625e+06
0.00548593	2140.67	5.06625e+06
0.00548596	2155.46	5.06625e+06
0.00548603	2184.29	5.06625e+06
0.00548616	2238.64	5.06625e+06
0.00548623	2263.72	5.06625e+06
0.00548636	2310.4	5.06625e+06
0.00548642	2331.63	5.06625e+06
0.00548656	2370.69	5.06625e+06
0.00548662	2388.13	5.06625e+06
0.00548675	2419.41	5.06625e+06
0.00548682	2433.28	5.06625e+06
0.00548695	2458.22	5.06625e+06
0.00548702	2469.27	5.06625e+06
0.00548715	2489.12	5.06625e+06
0.00548741	2520.79	5.06625e+06
0.00548754	2533.49	5.06625e+06
0.0054878	2554.27	5.06625e+06
0.00548831	2583.28	5.06625e+06
0.00548856	2593.79	5.06625e+06
0.00548906	2609.5	5.06625e+06
0.00549006	2629.22	5.06625e+06
0.00549055	2635.5	5.06625e+06
0.0054915	2643.69	5.06625e+06
0.00549362	2652.56	5.06625e+06
0.00549681	2656.77	5.06625e+06
0.0055	2657.95	5.06625e+06
0.00550641	2658.56	5.06625e+06
0.00551648	2658.95	5.06625e+06
0.00552656	2659.21	5.06625e+06
0.00553663	2659.4	5.06625e+06
0.0055467	2659.54	5.06625e+06
0.00555678	2659.64	5.06625e+06
0.00556685	2659.72	5.06625e+06
0.00557692	2659.78	5.06625e+06
0.005587	2659.82	5.06625e+06
0.00559707	2659.85	5.06625e+06
0.00560714	2659.88	5.06625e+06
0.00561722	2659.9	5.06625e+06
0.00562729	2659.92	5.06625e+06
0.00563736	2659.93	5.06625e+06
0.00564744	2659.94	5.06625e+06
0.00565751	2659.95	5.06625e+06
0.00566758	2659.95	5.06625e+06
0.00567766	2659.96	5.06625e+06
0.00568773	2659.96	5.06625e+06
0.0056978	2659.96	5.06625e+06
0.00570788	2659.97	5.06625e+06
0.00571795	2659.97	5.06625e+06
0.00572802	2659.97	5.06625e+06
0.0057381	2659.97	5.06625e+06
0.00574817	2659.97	5.06625e+06
0.00575824	2659.98	5.06625e+06
0.00576832	2659.98	5.06625e+06
0.00577839	2659.98	5.06625e+06
0.00578846	2659.98	5.06625e+06
0.00579853	2659.98	5.06625e+06
0.00580861	2659.98	5.06625e+06
0.00581868	2659.98	5.06625e+06
0.00582875	2659.98	5.06625e+06
0.00583883	2659.98	5.06625e+06
0.0058489	2659.98	5.06625e+06
0.00585897	2659.98	5.06625e+06
0.00586905	2659.98	5.06625e+06
0.00587912	2659.98	5.06625e+06
0.00588919	2659.98	5.06625e+06
0.00589927	2659.99	5.06625e+06
0.00590934	2659.99	5.06625e+06
0.00591941	2659.99	5.06625e+06
0.00592949	2659.99	5.06625e+06
0.00593956	2659.99	5.06625e+06
0.00594963	2659.99	5.06625e+06
0.00595971	2659.99	5.06625e+06
0.00596978	2659.99	5.06625e+06
0.00597985	2659.99	5.06625e+06
0.00598993	2659.99	5.06625e+06
0.006	2659.99	5.06625e+06
0.00601	2659.99	5.06625e+06
0.00602	2659.99	5.06625e+06
0.00603	2659.99	5.06625e+06
0.00604	2659.99	5.06625e+06
0.00605	2659.99	5.06625e+06
0.00606	2659.99	5.06625e+06
0.00607	2659.99	5.06625e+06
0.00608	2659.99	5.06625e+06
0.00609	2659.99	5.06625e+06
0.0061	2659.99	5.06625e+06
0.00611	2659.99	5.06625e+06
0.00612	2659.99	5.06625e+06
0.00613	2659.99	5.06625e+06
0.00614	2659.99	5.06625e+06
0.00615	2659.99	5.06625e+06
0.00616	2659.99	5.06625e+06
0.00617	2659.99	5.06625e+06
0.00618	2659.99	5.06625e+06
0.00619	2659.99	5.06625e+06
0.0062	2659.99	5.06625e+06
0.00621	2659.99	5.06625e+06
0.00622	2659.99	5.06625e+06
0.00623	2659.99	5.06625e+06
0.00624	2659.99	5.06625e+06
0.00625	2659.99	5.06625e+06
0.00626	2659.99	5.06625e+06
0.00627	2659.99	5.06625e+06
0.00628	2659.99	5.06625e+06
0.00629	2659.99	5.06625e+06
0.0063	2659.99	5.06625e+06
0.00631	2659.99	5.06625e+06
0.00632	2659.99	5.06625e+06
0.00633	2659.99	5.06625e+06
0.00634	2659.99	5.06625e+06
0.00635	2659.99	5.06625e+06
0.00636	2660	5.06625e+06
0.00637	2660	5.06625e+06
0.00638	2660	5.06625e+06
0.00639	2660	5.06625e+06
0.0064	2660	5.06625e+06
0.00641	2660	5.06625e+06
0.00642	2660	5.06625e+06
0.00643	2660	5.06625e+06
0.00644	2660	5.06625e+06
0.00645	2660	5.06625e+06
0.00646	2660	5.06625e+06
0.00647	2660	5.06625e+06
0.00648	2660	5.06625e+06
0.00649	2660	5.06625e+06
0.0065	2660	5.06625e+06
0.00651	2660	5.06625e+06
0.00652	2660	5.06625e+06
0.00653	2660	5.06625e+06
0.00654	2660	5.06625e+06
0.00655	2660	5.06625e+06
0.00656	2660	5.06625e+06
0.00657	2660	5.06625e+06
0.00658	2660	5.06625e+06
0.00659	2660	5.06625e+06
0.0066	2660	5.06625e+06
0.00661	2660	5.06625e+06
0.00662	2660	5.06625e+06
0.00663	2660	5.06625e+06
0.00664	2660	5.06625e+06
0.00665	2660	5.06625e+06
0.00666	2660	5.06625e+06
0.00667	2660	5.06625e+06
0.00668	2660	5.06625e+06
0.00669	2660	5.06625e+06
0.0067	2660	5.06625e+06
0.00671	2660	5.06625e+06
0.00672	2660	5.06625e+06
0.00673	2660	5.06625e+06
0.00674	2660	5.06625e+06
0.00675	2660	5.06625e+06
0.00676	2660	5.06625e+06
0.00677	2660	5.06625e+06
0.00678	2660	5.06625e+06
0.00679	2660	5.06625e+06
0.0068	2660	5.06625e+06
0.00681	2660	5.06625e+06
0.00682	2660	5.06625e+06
0.00683	2660	5.06625e+06
0.00684	2660	5.06625e+06
0.00685	2660	5.06625e+06
0.00686	2660	5.06625e+06
0.00687	2660	5.06625e+06
0.00688	2660	5.06625e+06
0.00689	2660	5.06625e+06
0.0069	2660	5.06625e+06
0.00691	2660	5.06625e+06
0.00692	2660	5.06625e+06
0.00693	2660	5.06625e+06
0.00694	2660	5.06625e+06
0.00695	2660	5.06625e+06
0.00696	2660	5.06625e+06
0.00697	2660	5.06625e+06
0.00698	2660	5.06625e+06
0.00699	2660	5.06625e+06
0.007	2660	5.06625e+06
0.00701	2660	5.06625e+06
0.00702	2660	5.06625e+06
0.00703	2660	5.06625e+06
0.00704	2660	5.06625e+06
0.00705	2660	5.06625e+06
0.00706	2660	5.06625e+06
0.00707	2660	5.06625e+06
0.00708	2660	5.06625e+06
0.00709	2660	5.06625e+06
0.0071	2660	5.06625e+06
0.00711	2660	5.06625e+06
0.00712	2660	5.06625e+06
0.00713	2660	5.06625e+06
0.00714	2660	5.06625e+06
0.00715	2660	5.06625e+06
0.00716	2660	5.06625e+06
0.00717	2660	5.06625e+06
0.00718	2660	5.06625e+06
0.00719	2660	5.06625e+06
0.0072	2660	5.06625e+06
0.00721	2660	5.06625e+06
0.00722	2660	5.06625e+06
0.00723	2660	5.06625e+06
0.00724	2660	5.06625e+06
0.00725	2660	5.06625e+06
0.00726	2660	5.06625e+06
0.00727	2660	5.06625e+06
0.00728	2660	5.06625e+06
0.00729	2660	5.06625e+06
0.0073	2660	5.06625e+06
0.00731	2660	5.06625e+06
0.00732	2660	5.06625e+06
0.00733	2660	5.06625e+06
0.00734	2660	5.06625e+06
0.00735	2660	5.06625e+06
0.00736	2660	5.06625e+06
0.00737	2660	5.06625e+06
0.00738	2660	5.06625e+06
0.00739	2660	5.06625e+06
0.0074	2660	5.06625e+06
0.00741	2660	5.06625e+06
0.00742	2660	5.06625e+06
0.00743	2660	5.06625e+06
0.00744	2660	5.06625e+06
0.00745	2660	5.06625e+06
0.00746	2660	5.06625e+06
0.00747	2660	5.06625e+06
0.00748	2660	5.06625e+06
0.00749	2660	5.06625e+06
0.0075	2660	5.06625e+06
0.00751	2660	5.06625e+06
0.00752	2660	5.06625e+06
0.00753	2660	5.06625e+06
0.00754	2660	5.06625e+06
0.00755	2660	5.06625e+06
0.00756	2660	5.06625e+06
0.00757	2660	5.06625e+06
0.00758	2660	5.06625e+06
0.00759	2660	5.06625e+06
0.0076	2660	5.06625e+06
0.00761	2660	5.06625e+06
0.00762	2660	5.06625e+06
0.00763	2660	5.06625e+06
0.00764	2660	5.06625e+06
0.00765	2660	5.06625e+06
0.00766	2660	5.06625e+06
0.00767	2660	5.06625e+06
0.00768	2660	5.06625e+06
0.00769	2660	5.06625e+06
0.0077	2660	5.06625e+06
0.00771	2660	5.06625e+06
0.00772	2660	5.06625e+06
0.00773	2660	5.06625e+06
0.00774	2660	5.06625e+06
0.00775	2660	5.06625e+06
0.00776	2660	5.06625e+06
0.00777	2660	5.06625e+06
0.00778	2660	5.06625e+06
0.00779	2660	5.06625e+06
0.0078	2660	5.06625e+06
0.00781	2660	5.06625e+06
0.00782	2660	5.06625e+06
0.00783	2660	5.06625e+06
0.00784	2660	5.06625e+06
0.00785	2660	5.06625e+06
0.00786	2660	5.06625e+06
0.00787	2660	5.06625e+06
0.00788	2660	5.06625e+06
0.00789	2660	5.06625e+06
0.0079	2660	5.06625e+06
0.00791	2660	5.06625e+06
0.00792	2660	5.06625e+06
0.00793	2660	5.06625e+06
0.00794	2660	5.06625e+06
0.00795	2660	5.06625e+06
0.00796	2660	5.06625e+06
0.00797	2660	5.06625e+06
0.00798	2660	5.06625e+06
0.00799	2660	5.06625e+06
0.008	2660	5.06625e+06
0.00801	2660	5.06625e+06
0.00802	2660	5.06625e+06
0.00803	2660	5.06625e+06
0.00804	2660	5.06625e+06
0.00805	2660	5.06625e+06
0.00806	2660	5.06625e+06
0.00807	2660	5.06625e+06
0.00808	2660	5.06625e+06
0.00809	2660	5.06625e+06
0.0081	2660	5.06625e+06
0.00811	2660	5.06625e+06
0.00812	2660	5.06625e+06
0.00813	2660	5.06625e+06
0.00814	2660	5.06625e+06
0.00815	2660	5.06625e+06
0.00816	2660	5.06625e+06
0.00817	2660	5.06625e+06
0.00818	2660	5.06625e+06
0.00819	2660	5.06625e+06
0.0082	2660	5.06625e+06
0.00821	2660	5.06625e+06
0.00822	2660	5.06625e+06
0.00823	2660	5.06625e+06
0.00824	2660	5.06625e+06
0.00825	2660	5.06625e+06
0.00826	2660	5.06625e+06
0.00827	2660	5.06625e+06
0.00828	2660	5.06625e+06
0.00829	2660	5.06625e+06
0.0083	2660	5.06625e+06
0.00831	2660	5.06625e+06
0.00832	2660	5.06625e+06
0.00833	2660	5.06625e+06
0.00834	2660	5.06625e+06
0.00835	2660	5.06625e+06
0.00836	2660	5.06625e+06
0.00837	2660	5.06625e+06
0.00838	2660	5.06625e+06
0.00839	2660	5.06625e+06
0.0084	2660	5.06625e+06
0.00841	2660	5.06625e+06
0.00842	2660	5.06625e+06
0.00843	2660	5.06625e+06
0.00844	2660	5.06625e+06
0.00845	2660	5.06625e+06
0.00846	2660	5.06625e+06
0.00847	2660	5.06625e+06
0.00848	2660	5.06625e+06
0.00849	2660	5.06625e+06
0.0085	2660	5.06625e+06
0.00851	2660	5.06625e+06
0.00852	2660	5.06625e+06
0.00853	2660	5.06625e+06
0.00854	2660	5.06625e+06
0.00855	2660	5.06625e+06
0.00856	2660	5.06625e+06
0.00857	2660	5.06625e+06
0.00858	2660	5.06625e+06
0.00859	2660	5.06625e+06
0.0086	2660	5.06625e+06
0.00861	2660	5.06625e+06
0.00862	2660	5.06625e+06
0.00863	2660	5.06625e+06
0.00864	2660	5.06625e+06
0.00865	2660	5.06625e+06
0.00866	2660	5.06625e+06
0.00867	2660	5.06625e+06
0.00868	2660	5.06625e+06
0.00869	2660	5.06625e+06
0.0087	2660	5.06625e+06
0.00871	2660	5.06625e+06
0.00872	2660	5.06625e+06
0.00873	2660	5.06625e+06
0.00874	2660	5.06625e+06
0.00875	2660	5.06625e+06
0.00876	2660	5.06625e+06
0.00877	2660	5.06625e+06
0.00878	2660	5.06625e+06
0.00879	2660	5.06625e+06
0.0088	2660	5.06625e+06
0.00881	2660	5.06625e+06
0.00882	2660	5.06625e+06
0.00883	2660	5.06625e+06
0.00884	2660	5.06625e+06
0.00885	2660	5.06625e+06
0.00886	2660	5.06625e+06
0.00887	2660	5.06625e+06
0.00888	2660	5.06625e+06
0.00889	2660	5.06625e+06
0.0089	2660	5.06625e+06
0.00891	2660	5.06625e+06
0.00892	2660	5.06625e+06
0.00893	2660	5.06625e+06
0.00894	2660	5.06625e+06
0.00895	2660	5.06625e+06
0.00896	2660	5.06625e+06
0.00897	2660	5.06625e+06
0.00898	2660	5.06625e+06
0.00899	2660	5.06625e+06
0.009	2660	5.06625e+06
0.00901	2660	5.06625e+06
0.00902	2660	5.06625e+06
0.00903	2660	5.06625e+06
0.00904	2660	5.06625e+06
0.00905	2660	5.06625e+06
0.00906	2660	5.06625e+06
0.00907	2660	5.06625e+06
0.00908	2660	5.06625e+06
0.00909	2660	5.06625e+06
0.0091	2660	5.06625e+06
0.00911	2660	5.06625e+06
0.00912	2660	5.06625e+06
0.00913	2660	5.06625e+06
0.00914	2660	5.06625e+06
0.00915	2660	5.06625e+06
0.00916	2660	5.06625e+06
0.00917	2660	5.06625e+06
0.00918	2660	5.06625e+06
0.00919	2660	5.06625e+06
0.0092	2660	5.06625e+06
0.00921	2660	5.06625e+06
0.00922	2660	5.06625e+06
0.00923	2660	5.06625e+06
0.00924	2660	5.06625e+06
0.00925	2660	5.06625e+06
0.00926	2660	5.06625e+06
0.00927	2660	5.06625e+06
0.00928	2660	5.06625e+06
0.00929	2660	5.06625e+06
0.0093	2660	5.06625e+06
0.00931	2660	5.06625e+06
0.00932	2660	5.06625e+06
0.00933	2660	5.06625e+06
0.00934	2660	5.06625e+06
0.00935	2660	5.06625e+06
0.00936	2660	5.06625e+06
0.00937	2660	5.06625e+06
0.00938	2660	5.06625e+06
0.00939	2660	5.06625e+06
0.0094	2660	5.06625e+06
0.00941	2660	5.06625e+06
0.00942	2660	5.06625e+06
0.00943	2660	5.06625e+06
0.00944	2660	5.06625e+06
0.00945	2660	5.06625e+06
0.00946	2660	5.06625e+06
0.00947	2660	5.06625e+06
0.00948	2660	5.06625e+06
0.00949	2660	5.06625e+06
0.0095	2660	5.06625e+06
0.00951	2660	5.06625e+06
0.00952	2660	5.06625e+06
0.00953	2660	5.06625e+06
0.00954	2660	5.06625e+06
0.00955	2660	5.06625e+06
0.00956	2660	5.06625e+06
0.00957	2660	5.06625e+06
0.00958	2660	5.06625e+06
0.00959	2660	5.06625e+06
0.0096	2660	5.06625e+06
0.00961	2660	5.06625e+06
0.00962	2660	5.06625e+06
0.00963	2660	5.06625e+06
0.00964	2660	5.06625e+06
0.00965	2660	5.06625e+06
0.00966	2660	5.06625e+06
0.00967	2660	5.06625e+06
0.00968	2660	5.06625e+06
0.00969	2660	5.06625e+06
0.0097	2660	5.06625e+06
0.00971	2660	5.06625e+06
0.00972	2660	5.06625e+06
0.00973	2660	5.06625e+06
0.00974	2660	5.06625e+06
0.00975	2660	5.06625e+06
0.00976	2660	5.06625e+06
0.00977	2660	5.06625e+06
0.00978	2660	5.06625e+06
0.00979	2660	5.06625e+06
0.0098	2660	5.06625e+06
0.00981	2660	5.06625e+06
0.00982	2660	5.06625e+06
0.00983	2660	5.06625e+06
0.00984	2660	5.06625e+06
0.00985	2660	5.06625e+06
0.00986	2660	5.06625e+06
0.00987	2660	5.06625e+06
0.00988	2660	5.06625e+06
0.00989	2660	5.06625e+06
0.0099	2660	5.06625e+06
0.00991	2660	5.06625e+06
0.00992	2660	5.06625e+06
0.00993	2660	5.06625e+06
0.00994	2660	5.06625e+06
0.00995	2660	5.06625e+06
0.00996	2660	5.06625e+06
0.00997	2660	5.06625e+06
0.00998	2660	5.06625e+06
0.00999	2660	5.06625e+06
0.01	2660	5.06625e+06
